<?xml version="1.0" encoding="UTF-8"?>
<testsuite name="com.rimworldcraft.core.world.WorldContextTest" tests="3" skipped="0" failures="0" errors="0" timestamp="2026-09-02T17:24:28" hostname="65dfffa5-3b1c-4bc8-a694-529d23ec377c" time="0.003">
  <properties/>
  <testcase name="snapshotIsImmutableAndWorldScoped()" classname="com.rimworldcraft.core.world.WorldContextTest" time="0.001"/>
  <testcase name="settlementValidationUsesTerrainAccessibilityAndHazards()" classname="com.rimworldcraft.core.world.WorldContextTest" time="0.002"/>
  <testcase name="positionOutsideRegionIsRejected()" classname="com.rimworldcraft.core.world.WorldContextTest" time="0.0"/>
  <system-out><![CDATA[]]></system-out>
  <system-err><![CDATA[]]></system-err>
</testsuite>
