<?xml version="1.0" encoding="UTF-8"?>
<testsuite name="com.rimworldcraft.core.colony.ColonyInvariantTest" tests="5" skipped="0" failures="0" errors="0" timestamp="2026-09-02T17:24:28" hostname="65dfffa5-3b1c-4bc8-a694-529d23ec377c" time="0.014">
  <properties/>
  <testcase name="destroyedColonyRejectsMutations()" classname="com.rimworldcraft.core.colony.ColonyInvariantTest" time="0.002"/>
  <testcase name="removingMissingMembershipIsNoOp()" classname="com.rimworldcraft.core.colony.ColonyInvariantTest" time="0.006"/>
  <testcase name="duplicateMembershipIsRejected()" classname="com.rimworldcraft.core.colony.ColonyInvariantTest" time="0.001"/>
  <testcase name="insufficientReservationDoesNotPartiallyChangeResources()" classname="com.rimworldcraft.core.colony.ColonyInvariantTest" time="0.002"/>
  <testcase name="sameColonyIdInDifferentWorldsIsDistinctScope()" classname="com.rimworldcraft.core.colony.ColonyInvariantTest" time="0.003"/>
  <system-out><![CDATA[]]></system-out>
  <system-err><![CDATA[]]></system-err>
</testsuite>
