<?xml version="1.0" encoding="UTF-8"?>
<testsuite name="com.rimworldcraft.core.building.BlueprintConfigContractTest" tests="1" skipped="0" failures="0" errors="0" timestamp="2026-09-02T17:24:28" hostname="65dfffa5-3b1c-4bc8-a694-529d23ec377c" time="0.051">
  <properties/>
  <testcase name="configuredBlueprintUsesPositiveDimensionsAndNonNegativeCosts()" classname="com.rimworldcraft.core.building.BlueprintConfigContractTest" time="0.051"/>
  <system-out><![CDATA[]]></system-out>
  <system-err><![CDATA[]]></system-err>
</testsuite>
