<?xml version="1.0" encoding="UTF-8"?>
<testsuite name="com.rimworldcraft.core.building.BuildingSystemTest" tests="5" skipped="0" failures="0" errors="0" timestamp="2026-09-02T17:24:28" hostname="65dfffa5-3b1c-4bc8-a694-529d23ec377c" time="0.007">
  <properties/>
  <testcase name="resourceResultsAreIdempotent()" classname="com.rimworldcraft.core.building.BuildingSystemTest" time="0.003"/>
  <testcase name="failedOrderCannotProgress()" classname="com.rimworldcraft.core.building.BuildingSystemTest" time="0.0"/>
  <testcase name="dimensionsAndCostsAreValidated()" classname="com.rimworldcraft.core.building.BuildingSystemTest" time="0.0"/>
  <testcase name="ghostBlockRejectsInvalidType()" classname="com.rimworldcraft.core.building.BuildingSystemTest" time="0.0"/>
  <testcase name="lifecycleInvariantsHold()" classname="com.rimworldcraft.core.building.BuildingSystemTest" time="0.0"/>
  <system-out><![CDATA[]]></system-out>
  <system-err><![CDATA[]]></system-err>
</testsuite>
