<?xml version="1.0" encoding="UTF-8"?>
<testsuite name="com.rimworldcraft.core.colony.ColonyTest" tests="3" skipped="0" failures="0" errors="0" timestamp="2026-09-02T09:03:43" hostname="65dfffa5-3b1c-4bc8-a694-529d23ec377c" time="0.006">
  <properties/>
  <testcase name="recalculateValue_shouldIncludeCitizens()" classname="com.rimworldcraft.core.colony.ColonyTest" time="0.002"/>
  <testcase name="removeResource_shouldRejectInsufficientAmount()" classname="com.rimworldcraft.core.colony.ColonyTest" time="0.001"/>
  <testcase name="addResource_shouldIncreaseBalance()" classname="com.rimworldcraft.core.colony.ColonyTest" time="0.002"/>
  <system-out><![CDATA[]]></system-out>
  <system-err><![CDATA[]]></system-err>
</testsuite>
