<?xml version="1.0" encoding="UTF-8"?>
<testsuite name="com.rimworldcraft.core.npc.NpcContextTest" tests="6" skipped="0" failures="0" errors="0" timestamp="2026-09-02T17:24:28" hostname="65dfffa5-3b1c-4bc8-a694-529d23ec377c" time="0.006">
  <properties/>
  <testcase name="worldMismatchIsRejected()" classname="com.rimworldcraft.core.npc.NpcContextTest" time="0.003"/>
  <testcase name="jobLifecycleClearsAssignment()" classname="com.rimworldcraft.core.npc.NpcContextTest" time="0.0"/>
  <testcase name="incapacitatedAndDeadCannotTakeJobs()" classname="com.rimworldcraft.core.npc.NpcContextTest" time="0.001"/>
  <testcase name="skillProgressionIsDeterministic()" classname="com.rimworldcraft.core.npc.NpcContextTest" time="0.001"/>
  <testcase name="decayIsDeterministic()" classname="com.rimworldcraft.core.npc.NpcContextTest" time="0.001"/>
  <testcase name="moodUsesTraits()" classname="com.rimworldcraft.core.npc.NpcContextTest" time="0.0"/>
  <system-out><![CDATA[]]></system-out>
  <system-err><![CDATA[]]></system-err>
</testsuite>
