<?xml version="1.0" encoding="UTF-8"?>
<testsuite name="com.rimworldcraft.core.building.BuildOrderTest" tests="2" skipped="0" failures="0" errors="0" timestamp="2026-09-02T17:24:28" hostname="65dfffa5-3b1c-4bc8-a694-529d23ec377c" time="0.004">
  <properties/>
  <testcase name="progress_shouldReachCompletion()" classname="com.rimworldcraft.core.building.BuildOrderTest" time="0.002"/>
  <testcase name="complete_shouldRejectIncompleteOrder()" classname="com.rimworldcraft.core.building.BuildOrderTest" time="0.002"/>
  <system-out><![CDATA[]]></system-out>
  <system-err><![CDATA[]]></system-err>
</testsuite>
