<?xml version="1.0" encoding="UTF-8"?>
<testsuite name="com.rimworldcraft.infrastructure.common.PersistenceContractTest" tests="3" skipped="0" failures="0" errors="0" timestamp="2026-09-02T17:24:32" hostname="65dfffa5-3b1c-4bc8-a694-529d23ec377c" time="0.173">
  <properties/>
  <testcase name="jsonRoundTripAndRepeatedLoadsAreStable()" classname="com.rimworldcraft.infrastructure.common.PersistenceContractTest" time="0.161"/>
  <testcase name="corruptFileFallsBackToLastKnownGoodAndQuarantines()" classname="com.rimworldcraft.infrastructure.common.PersistenceContractTest" time="0.01"/>
  <testcase name="futureVersionIsRejectedByMigrationRegistry()" classname="com.rimworldcraft.infrastructure.common.PersistenceContractTest" time="0.001"/>
  <system-out><![CDATA[]]></system-out>
  <system-err><![CDATA[]]></system-err>
</testsuite>
